<?xml version="1.0" encoding="UTF-8"?>
<!-- Generated by org.testng.reporters.JUnitXMLReporter -->
<testsuite ignored="4" hostname="DESKTOP-0RNRBME" failures="0" tests="2" name="Default test" time="962.673" errors="0" timestamp="2024-12-30T17:20:41 IST">
  <testcase classname="com.twowheeler.testscenario.New_Business" name="RegisteredCar" time="490.179"/>
  <testcase classname="com.twowheeler.testscenario.New_Business" name="RegisteredCar" time="469.669"/>
  <testcase classname="com.twowheeler.base.TestBase" name="@BeforeSuite setup" time="0.0">
    <ignored/>
  </testcase> <!-- @BeforeSuite setup -->
  <testcase classname="com.twowheeler.base.TestBase" name="@AfterSuite tearDown" time="0.0">
    <ignored/>
  </testcase> <!-- @AfterSuite tearDown -->
  <testcase classname="com.twowheeler.base.TestBase" name="@BeforeSuite setup" time="0.0">
    <ignored/>
  </testcase> <!-- @BeforeSuite setup -->
  <testcase classname="com.twowheeler.base.TestBase" name="@AfterSuite tearDown" time="0.0">
    <ignored/>
  </testcase> <!-- @AfterSuite tearDown -->
</testsuite> <!-- Default test -->
